2022-02-04 00:01:43 DEBUG Trace:9 - Aspect-Enters on method: void com.metaopsis.ui.Main.initLogging()
2022-02-04 00:01:43 DEBUG Trace:18 - Aspect-Exits method: void com.metaopsis.ui.Main.initLogging()
2022-02-04 00:01:43 DEBUG Trace:9 - Aspect-Enters on method: void com.metaopsis.ui.Main.createRequiredDirctories()
2022-02-04 00:01:43 DEBUG Trace:18 - Aspect-Exits method: void com.metaopsis.ui.Main.createRequiredDirctories()
2022-02-04 00:01:43 DEBUG Trace:9 - Aspect-Enters on method: boolean com.metaopsis.utilities.LicenseValidator.retrieveLicense(String)
2022-02-04 00:01:43 DEBUG Trace:18 - Aspect-Exits method: boolean com.metaopsis.utilities.LicenseValidator.retrieveLicense(String)
2022-02-04 00:01:43 DEBUG Trace:9 - Aspect-Enters on method: String com.metaopsis.utilities.Encryptor.decrypt(String)
2022-02-04 00:01:43 DEBUG Trace:18 - Aspect-Exits method: String com.metaopsis.utilities.Encryptor.decrypt(String)
2022-02-04 00:01:44 DEBUG Trace:9 - Aspect-Enters on method: void com.metaopsis.utilities.MetaopsisLicense.setCompany(String)
2022-02-04 00:01:44 DEBUG Trace:18 - Aspect-Exits method: void com.metaopsis.utilities.MetaopsisLicense.setCompany(String)
2022-02-04 00:01:44 DEBUG Trace:9 - Aspect-Enters on method: void com.metaopsis.utilities.MetaopsisLicense.setContact(String)
2022-02-04 00:01:44 DEBUG Trace:18 - Aspect-Exits method: void com.metaopsis.utilities.MetaopsisLicense.setContact(String)
2022-02-04 00:01:44 DEBUG Trace:9 - Aspect-Enters on method: void com.metaopsis.utilities.MetaopsisLicense.setEmail(String)
2022-02-04 00:01:44 DEBUG Trace:18 - Aspect-Exits method: void com.metaopsis.utilities.MetaopsisLicense.setEmail(String)
2022-02-04 00:01:44 DEBUG Trace:9 - Aspect-Enters on method: void com.metaopsis.utilities.MetaopsisLicense.setExpires(Date)
2022-02-04 00:01:44 DEBUG Trace:18 - Aspect-Exits method: void com.metaopsis.utilities.MetaopsisLicense.setExpires(Date)
2022-02-04 00:01:44 DEBUG Trace:9 - Aspect-Enters on method: void com.metaopsis.utilities.MetaopsisLicense.setAnalyze(boolean)
2022-02-04 00:01:44 DEBUG Trace:18 - Aspect-Exits method: void com.metaopsis.utilities.MetaopsisLicense.setAnalyze(boolean)
2022-02-04 00:01:44 DEBUG Trace:9 - Aspect-Enters on method: void com.metaopsis.utilities.MetaopsisLicense.setConvert(boolean)
2022-02-04 00:01:44 DEBUG Trace:18 - Aspect-Exits method: void com.metaopsis.utilities.MetaopsisLicense.setConvert(boolean)
2022-02-04 00:01:44 DEBUG Trace:9 - Aspect-Enters on method: void com.metaopsis.utilities.License.setSource(String)
2022-02-04 00:01:44 DEBUG Trace:18 - Aspect-Exits method: void com.metaopsis.utilities.License.setSource(String)
2022-02-04 00:01:44 DEBUG Trace:9 - Aspect-Enters on method: void com.metaopsis.utilities.License.setTarget(String)
2022-02-04 00:01:44 DEBUG Trace:18 - Aspect-Exits method: void com.metaopsis.utilities.License.setTarget(String)
2022-02-04 00:01:44 DEBUG Trace:9 - Aspect-Enters on method: void com.metaopsis.utilities.License.setValid(boolean)
2022-02-04 00:01:44 DEBUG Trace:18 - Aspect-Exits method: void com.metaopsis.utilities.License.setValid(boolean)
2022-02-04 00:01:44 DEBUG Trace:9 - Aspect-Enters on method: void com.metaopsis.utilities.License.setSource(String)
2022-02-04 00:01:44 DEBUG Trace:18 - Aspect-Exits method: void com.metaopsis.utilities.License.setSource(String)
2022-02-04 00:01:44 DEBUG Trace:9 - Aspect-Enters on method: void com.metaopsis.utilities.License.setTarget(String)
2022-02-04 00:01:44 DEBUG Trace:18 - Aspect-Exits method: void com.metaopsis.utilities.License.setTarget(String)
2022-02-04 00:01:44 DEBUG Trace:9 - Aspect-Enters on method: void com.metaopsis.utilities.License.setValid(boolean)
2022-02-04 00:01:44 DEBUG Trace:18 - Aspect-Exits method: void com.metaopsis.utilities.License.setValid(boolean)
2022-02-04 00:01:44 DEBUG Trace:9 - Aspect-Enters on method: void com.metaopsis.utilities.MetaopsisLicense.setLicenses(License[])
2022-02-04 00:01:44 DEBUG Trace:18 - Aspect-Exits method: void com.metaopsis.utilities.MetaopsisLicense.setLicenses(License[])
2022-02-04 00:01:44 DEBUG Trace:9 - Aspect-Enters on method: Date com.metaopsis.utilities.MetaopsisLicense.getExpires()
2022-02-04 00:01:44 DEBUG Trace:18 - Aspect-Exits method: Date com.metaopsis.utilities.MetaopsisLicense.getExpires()
2022-02-04 00:01:44 DEBUG Trace:9 - Aspect-Enters on method: boolean com.metaopsis.utilities.LicenseValidator.isValid(Date)
2022-02-04 00:01:44 DEBUG Trace:18 - Aspect-Exits method: boolean com.metaopsis.utilities.LicenseValidator.isValid(Date)
2022-02-04 00:01:44 DEBUG Trace:9 - Aspect-Enters on method: MetaopsisLicense com.metaopsis.utilities.LicenseValidator.getLicense()
2022-02-04 00:01:44 DEBUG Trace:18 - Aspect-Exits method: MetaopsisLicense com.metaopsis.utilities.LicenseValidator.getLicense()
2022-02-04 00:01:44 DEBUG Trace:9 - Aspect-Enters on method: void com.metaopsis.ui.Main.openLicense()
2022-02-04 00:01:44 DEBUG Trace:18 - Aspect-Exits method: void com.metaopsis.ui.Main.openLicense()
2022-02-04 00:01:46 DEBUG Trace:9 - Aspect-Enters on method: void com.metaopsis.ui.Main.initRegistry()
2022-02-04 00:01:46 DEBUG Trace:18 - Aspect-Exits method: void com.metaopsis.ui.Main.initRegistry()
2022-02-04 00:01:46 DEBUG Trace:9 - Aspect-Enters on method: void com.metaopsis.ui.controllers.SplashController.initialize(URL, ResourceBundle)
2022-02-04 00:01:46 DEBUG Trace:18 - Aspect-Exits method: void com.metaopsis.ui.controllers.SplashController.initialize(URL, ResourceBundle)
2022-02-04 00:01:46 DEBUG Trace:9 - Aspect-Enters on method: void com.metaopsis.ui.Main.start(Stage)
2022-02-04 00:01:46 DEBUG Trace:18 - Aspect-Exits method: void com.metaopsis.ui.Main.start(Stage)
2022-02-04 00:01:56 DEBUG Trace:9 - Aspect-Enters on method: void com.metaopsis.ui.controllers.SplashController.SplashScreen.run()
2022-02-04 00:01:56 DEBUG Trace:18 - Aspect-Exits method: void com.metaopsis.ui.controllers.SplashController.SplashScreen.run()
2022-02-04 00:01:56 DEBUG Trace:9 - Aspect-Enters on method: Session com.metaopsis.ui.Main.getSession()
2022-02-04 00:01:56 DEBUG Trace:18 - Aspect-Exits method: Session com.metaopsis.ui.Main.getSession()
2022-02-04 00:01:56 DEBUG Trace:9 - Aspect-Enters on method: ConfigurationStatus[] com.metaopsis.dao.ConfigurationStatusDaoImpl.retreiveAll(Session)
2022-02-04 00:01:56 DEBUG Trace:18 - Aspect-Exits method: ConfigurationStatus[] com.metaopsis.dao.ConfigurationStatusDaoImpl.retreiveAll(Session)
2022-02-04 00:01:56 DEBUG Trace:9 - Aspect-Enters on method: void com.metaopsis.ui.controllers.MainConfigurationsController.showTable()
2022-02-04 00:01:56 DEBUG Trace:18 - Aspect-Exits method: void com.metaopsis.ui.controllers.MainConfigurationsController.showTable()
2022-02-04 00:01:56 DEBUG Trace:9 - Aspect-Enters on method: void com.metaopsis.ui.controllers.MainConfigurationsController.initialize(URL, ResourceBundle)
2022-02-04 00:01:56 DEBUG Trace:18 - Aspect-Exits method: void com.metaopsis.ui.controllers.MainConfigurationsController.initialize(URL, ResourceBundle)
2022-02-04 00:01:56 DEBUG Trace:9 - Aspect-Enters on method: Session com.metaopsis.ui.Main.getSession()
2022-02-04 00:01:56 DEBUG Trace:18 - Aspect-Exits method: Session com.metaopsis.ui.Main.getSession()
2022-02-04 00:01:56 DEBUG Trace:9 - Aspect-Enters on method: LogHistory[] com.metaopsis.dao.LogHistoryDaoImpl.retreiveAll(Session)
2022-02-04 00:01:56 DEBUG Trace:18 - Aspect-Exits method: LogHistory[] com.metaopsis.dao.LogHistoryDaoImpl.retreiveAll(Session)
2022-02-04 00:01:56 DEBUG Trace:9 - Aspect-Enters on method: void com.metaopsis.ui.controllers.MainController.initializeHistoryList()
2022-02-04 00:01:56 DEBUG Trace:18 - Aspect-Exits method: void com.metaopsis.ui.controllers.MainController.initializeHistoryList()
2022-02-04 00:01:56 DEBUG Trace:9 - Aspect-Enters on method: ObservableList com.metaopsis.ui.controllers.MainController.getLogHistory()
2022-02-04 00:01:56 DEBUG Trace:18 - Aspect-Exits method: ObservableList com.metaopsis.ui.controllers.MainController.getLogHistory()
2022-02-04 00:01:56 DEBUG Trace:9 - Aspect-Enters on method: void com.metaopsis.ui.controllers.MainHistoryController.showTableHistory()
2022-02-04 00:01:56 DEBUG Trace:18 - Aspect-Exits method: void com.metaopsis.ui.controllers.MainHistoryController.showTableHistory()
2022-02-04 00:01:56 DEBUG Trace:9 - Aspect-Enters on method: void com.metaopsis.ui.controllers.MainHistoryController.initialize(URL, ResourceBundle)
2022-02-04 00:01:56 DEBUG Trace:18 - Aspect-Exits method: void com.metaopsis.ui.controllers.MainHistoryController.initialize(URL, ResourceBundle)
2022-02-04 00:01:56 DEBUG Trace:9 - Aspect-Enters on method: void com.metaopsis.ui.controllers.MainController.initialize(URL, ResourceBundle)
2022-02-04 00:01:56 DEBUG Trace:18 - Aspect-Exits method: void com.metaopsis.ui.controllers.MainController.initialize(URL, ResourceBundle)
2022-02-04 00:01:57 DEBUG Trace:9 - Aspect-Enters on method: TableCell com.metaopsis.ui.controllers.MainHistoryController.1.call(TableColumn)
2022-02-04 00:01:57 DEBUG Trace:18 - Aspect-Exits method: TableCell com.metaopsis.ui.controllers.MainHistoryController.1.call(TableColumn)
2022-02-04 00:01:57 DEBUG Trace:9 - Aspect-Enters on method: String com.metaopsis.dao.LogHistory.getName()
2022-02-04 00:01:57 DEBUG Trace:18 - Aspect-Exits method: String com.metaopsis.dao.LogHistory.getName()
2022-02-04 00:01:57 DEBUG Trace:9 - Aspect-Enters on method: Date com.metaopsis.dao.LogHistory.getCompleted()
2022-02-04 00:01:57 DEBUG Trace:18 - Aspect-Exits method: Date com.metaopsis.dao.LogHistory.getCompleted()
2022-02-04 00:01:57 DEBUG Trace:9 - Aspect-Enters on method: String com.metaopsis.dao.LogHistory.getStatus()
2022-02-04 00:01:57 DEBUG Trace:18 - Aspect-Exits method: String com.metaopsis.dao.LogHistory.getStatus()
2022-02-04 00:01:57 DEBUG Trace:9 - Aspect-Enters on method: String com.metaopsis.dao.LogHistory.getPath()
2022-02-04 00:01:57 DEBUG Trace:18 - Aspect-Exits method: String com.metaopsis.dao.LogHistory.getPath()
2022-02-04 00:01:57 DEBUG Trace:9 - Aspect-Enters on method: String com.metaopsis.dao.LogHistory.getPath()
2022-02-04 00:01:57 DEBUG Trace:18 - Aspect-Exits method: String com.metaopsis.dao.LogHistory.getPath()
2022-02-04 00:01:57 DEBUG Trace:9 - Aspect-Enters on method: void com.metaopsis.ui.controllers.MainHistoryController.1.1.updateItem(Object, boolean)
2022-02-04 00:01:57 DEBUG Trace:18 - Aspect-Exits method: void com.metaopsis.ui.controllers.MainHistoryController.1.1.updateItem(Object, boolean)
2022-02-04 00:01:57 DEBUG Trace:9 - Aspect-Enters on method: void com.metaopsis.ui.controllers.MainHistoryController.1.1.updateItem(Object, boolean)
2022-02-04 00:01:57 DEBUG Trace:18 - Aspect-Exits method: void com.metaopsis.ui.controllers.MainHistoryController.1.1.updateItem(Object, boolean)
2022-02-04 00:01:57 DEBUG Trace:9 - Aspect-Enters on method: TableCell com.metaopsis.ui.controllers.MainHistoryController.1.call(TableColumn)
2022-02-04 00:01:57 DEBUG Trace:18 - Aspect-Exits method: TableCell com.metaopsis.ui.controllers.MainHistoryController.1.call(TableColumn)
2022-02-04 00:01:57 DEBUG Trace:9 - Aspect-Enters on method: String com.metaopsis.dao.LogHistory.getName()
2022-02-04 00:01:57 DEBUG Trace:18 - Aspect-Exits method: String com.metaopsis.dao.LogHistory.getName()
2022-02-04 00:01:57 DEBUG Trace:9 - Aspect-Enters on method: Date com.metaopsis.dao.LogHistory.getCompleted()
2022-02-04 00:01:57 DEBUG Trace:18 - Aspect-Exits method: Date com.metaopsis.dao.LogHistory.getCompleted()
2022-02-04 00:01:57 DEBUG Trace:9 - Aspect-Enters on method: String com.metaopsis.dao.LogHistory.getStatus()
2022-02-04 00:01:57 DEBUG Trace:18 - Aspect-Exits method: String com.metaopsis.dao.LogHistory.getStatus()
2022-02-04 00:01:57 DEBUG Trace:9 - Aspect-Enters on method: String com.metaopsis.dao.LogHistory.getPath()
2022-02-04 00:01:57 DEBUG Trace:18 - Aspect-Exits method: String com.metaopsis.dao.LogHistory.getPath()
2022-02-04 00:01:57 DEBUG Trace:9 - Aspect-Enters on method: String com.metaopsis.dao.LogHistory.getPath()
2022-02-04 00:01:57 DEBUG Trace:18 - Aspect-Exits method: String com.metaopsis.dao.LogHistory.getPath()
2022-02-04 00:01:57 DEBUG Trace:9 - Aspect-Enters on method: void com.metaopsis.ui.controllers.MainHistoryController.1.1.updateItem(Object, boolean)
2022-02-04 00:01:57 DEBUG Trace:18 - Aspect-Exits method: void com.metaopsis.ui.controllers.MainHistoryController.1.1.updateItem(Object, boolean)
2022-02-04 00:01:57 DEBUG Trace:9 - Aspect-Enters on method: TableCell com.metaopsis.ui.controllers.MainHistoryController.1.call(TableColumn)
2022-02-04 00:01:57 DEBUG Trace:18 - Aspect-Exits method: TableCell com.metaopsis.ui.controllers.MainHistoryController.1.call(TableColumn)
2022-02-04 00:01:57 DEBUG Trace:9 - Aspect-Enters on method: void com.metaopsis.ui.controllers.MainHistoryController.1.1.updateItem(Object, boolean)
2022-02-04 00:01:57 DEBUG Trace:18 - Aspect-Exits method: void com.metaopsis.ui.controllers.MainHistoryController.1.1.updateItem(Object, boolean)
2022-02-04 00:01:57 DEBUG Trace:9 - Aspect-Enters on method: TableCell com.metaopsis.ui.controllers.MainHistoryController.1.call(TableColumn)
2022-02-04 00:01:57 DEBUG Trace:18 - Aspect-Exits method: TableCell com.metaopsis.ui.controllers.MainHistoryController.1.call(TableColumn)
2022-02-04 00:01:57 DEBUG Trace:9 - Aspect-Enters on method: void com.metaopsis.ui.controllers.MainHistoryController.1.1.updateItem(Object, boolean)
2022-02-04 00:01:57 DEBUG Trace:18 - Aspect-Exits method: void com.metaopsis.ui.controllers.MainHistoryController.1.1.updateItem(Object, boolean)
2022-02-04 00:01:57 DEBUG Trace:9 - Aspect-Enters on method: TableCell com.metaopsis.ui.controllers.MainHistoryController.1.call(TableColumn)
2022-02-04 00:01:57 DEBUG Trace:18 - Aspect-Exits method: TableCell com.metaopsis.ui.controllers.MainHistoryController.1.call(TableColumn)
2022-02-04 00:01:57 DEBUG Trace:9 - Aspect-Enters on method: void com.metaopsis.ui.controllers.MainHistoryController.1.1.updateItem(Object, boolean)
2022-02-04 00:01:57 DEBUG Trace:18 - Aspect-Exits method: void com.metaopsis.ui.controllers.MainHistoryController.1.1.updateItem(Object, boolean)
2022-02-04 00:01:57 DEBUG Trace:9 - Aspect-Enters on method: TableCell com.metaopsis.ui.controllers.MainHistoryController.1.call(TableColumn)
2022-02-04 00:01:57 DEBUG Trace:18 - Aspect-Exits method: TableCell com.metaopsis.ui.controllers.MainHistoryController.1.call(TableColumn)
2022-02-04 00:01:57 DEBUG Trace:9 - Aspect-Enters on method: void com.metaopsis.ui.controllers.MainHistoryController.1.1.updateItem(Object, boolean)
2022-02-04 00:01:57 DEBUG Trace:18 - Aspect-Exits method: void com.metaopsis.ui.controllers.MainHistoryController.1.1.updateItem(Object, boolean)
2022-02-04 00:01:57 DEBUG Trace:9 - Aspect-Enters on method: TableCell com.metaopsis.ui.controllers.MainHistoryController.1.call(TableColumn)
2022-02-04 00:01:57 DEBUG Trace:18 - Aspect-Exits method: TableCell com.metaopsis.ui.controllers.MainHistoryController.1.call(TableColumn)
2022-02-04 00:01:57 DEBUG Trace:9 - Aspect-Enters on method: void com.metaopsis.ui.controllers.MainHistoryController.1.1.updateItem(Object, boolean)
2022-02-04 00:01:57 DEBUG Trace:18 - Aspect-Exits method: void com.metaopsis.ui.controllers.MainHistoryController.1.1.updateItem(Object, boolean)
2022-02-04 00:01:57 DEBUG Trace:9 - Aspect-Enters on method: TableCell com.metaopsis.ui.controllers.MainHistoryController.1.call(TableColumn)
2022-02-04 00:01:57 DEBUG Trace:18 - Aspect-Exits method: TableCell com.metaopsis.ui.controllers.MainHistoryController.1.call(TableColumn)
2022-02-04 00:01:57 DEBUG Trace:9 - Aspect-Enters on method: void com.metaopsis.ui.controllers.MainHistoryController.1.1.updateItem(Object, boolean)
2022-02-04 00:01:57 DEBUG Trace:18 - Aspect-Exits method: void com.metaopsis.ui.controllers.MainHistoryController.1.1.updateItem(Object, boolean)
2022-02-04 00:01:57 DEBUG Trace:9 - Aspect-Enters on method: TableCell com.metaopsis.ui.controllers.MainHistoryController.1.call(TableColumn)
2022-02-04 00:01:57 DEBUG Trace:18 - Aspect-Exits method: TableCell com.metaopsis.ui.controllers.MainHistoryController.1.call(TableColumn)
2022-02-04 00:01:57 DEBUG Trace:9 - Aspect-Enters on method: void com.metaopsis.ui.controllers.MainHistoryController.1.1.updateItem(Object, boolean)
2022-02-04 00:01:57 DEBUG Trace:18 - Aspect-Exits method: void com.metaopsis.ui.controllers.MainHistoryController.1.1.updateItem(Object, boolean)
2022-02-04 00:01:57 DEBUG Trace:9 - Aspect-Enters on method: TableCell com.metaopsis.ui.controllers.MainHistoryController.1.call(TableColumn)
2022-02-04 00:01:57 DEBUG Trace:18 - Aspect-Exits method: TableCell com.metaopsis.ui.controllers.MainHistoryController.1.call(TableColumn)
2022-02-04 00:01:57 DEBUG Trace:9 - Aspect-Enters on method: void com.metaopsis.ui.controllers.MainHistoryController.1.1.updateItem(Object, boolean)
2022-02-04 00:01:57 DEBUG Trace:18 - Aspect-Exits method: void com.metaopsis.ui.controllers.MainHistoryController.1.1.updateItem(Object, boolean)
2022-02-04 00:01:57 DEBUG Trace:9 - Aspect-Enters on method: TableCell com.metaopsis.ui.controllers.MainHistoryController.1.call(TableColumn)
2022-02-04 00:01:57 DEBUG Trace:18 - Aspect-Exits method: TableCell com.metaopsis.ui.controllers.MainHistoryController.1.call(TableColumn)
2022-02-04 00:01:57 DEBUG Trace:9 - Aspect-Enters on method: void com.metaopsis.ui.controllers.MainHistoryController.1.1.updateItem(Object, boolean)
2022-02-04 00:01:57 DEBUG Trace:18 - Aspect-Exits method: void com.metaopsis.ui.controllers.MainHistoryController.1.1.updateItem(Object, boolean)
2022-02-04 00:01:57 DEBUG Trace:9 - Aspect-Enters on method: TableCell com.metaopsis.ui.controllers.MainHistoryController.1.call(TableColumn)
2022-02-04 00:01:57 DEBUG Trace:18 - Aspect-Exits method: TableCell com.metaopsis.ui.controllers.MainHistoryController.1.call(TableColumn)
2022-02-04 00:01:57 DEBUG Trace:9 - Aspect-Enters on method: void com.metaopsis.ui.controllers.MainHistoryController.1.1.updateItem(Object, boolean)
2022-02-04 00:01:57 DEBUG Trace:18 - Aspect-Exits method: void com.metaopsis.ui.controllers.MainHistoryController.1.1.updateItem(Object, boolean)
2022-02-04 00:01:57 DEBUG Trace:9 - Aspect-Enters on method: TableCell com.metaopsis.ui.controllers.MainHistoryController.1.call(TableColumn)
2022-02-04 00:01:57 DEBUG Trace:18 - Aspect-Exits method: TableCell com.metaopsis.ui.controllers.MainHistoryController.1.call(TableColumn)
2022-02-04 00:01:57 DEBUG Trace:9 - Aspect-Enters on method: void com.metaopsis.ui.controllers.MainHistoryController.1.1.updateItem(Object, boolean)
2022-02-04 00:01:57 DEBUG Trace:18 - Aspect-Exits method: void com.metaopsis.ui.controllers.MainHistoryController.1.1.updateItem(Object, boolean)
2022-02-04 00:01:57 DEBUG Trace:9 - Aspect-Enters on method: TableCell com.metaopsis.ui.controllers.MainHistoryController.1.call(TableColumn)
2022-02-04 00:01:57 DEBUG Trace:18 - Aspect-Exits method: TableCell com.metaopsis.ui.controllers.MainHistoryController.1.call(TableColumn)
2022-02-04 00:01:57 DEBUG Trace:9 - Aspect-Enters on method: void com.metaopsis.ui.controllers.MainHistoryController.1.1.updateItem(Object, boolean)
2022-02-04 00:01:57 DEBUG Trace:18 - Aspect-Exits method: void com.metaopsis.ui.controllers.MainHistoryController.1.1.updateItem(Object, boolean)
2022-02-04 00:01:57 DEBUG Trace:9 - Aspect-Enters on method: TableCell com.metaopsis.ui.controllers.MainHistoryController.1.call(TableColumn)
2022-02-04 00:01:57 DEBUG Trace:18 - Aspect-Exits method: TableCell com.metaopsis.ui.controllers.MainHistoryController.1.call(TableColumn)
2022-02-04 00:01:57 DEBUG Trace:9 - Aspect-Enters on method: void com.metaopsis.ui.controllers.MainHistoryController.1.1.updateItem(Object, boolean)
2022-02-04 00:01:57 DEBUG Trace:18 - Aspect-Exits method: void com.metaopsis.ui.controllers.MainHistoryController.1.1.updateItem(Object, boolean)
2022-02-04 00:01:57 DEBUG Trace:9 - Aspect-Enters on method: TableCell com.metaopsis.ui.controllers.MainHistoryController.1.call(TableColumn)
2022-02-04 00:01:57 DEBUG Trace:18 - Aspect-Exits method: TableCell com.metaopsis.ui.controllers.MainHistoryController.1.call(TableColumn)
2022-02-04 00:01:57 DEBUG Trace:9 - Aspect-Enters on method: void com.metaopsis.ui.controllers.MainHistoryController.1.1.updateItem(Object, boolean)
2022-02-04 00:01:57 DEBUG Trace:18 - Aspect-Exits method: void com.metaopsis.ui.controllers.MainHistoryController.1.1.updateItem(Object, boolean)
2022-02-04 00:01:57 DEBUG Trace:9 - Aspect-Enters on method: TableCell com.metaopsis.ui.controllers.MainHistoryController.1.call(TableColumn)
2022-02-04 00:01:57 DEBUG Trace:18 - Aspect-Exits method: TableCell com.metaopsis.ui.controllers.MainHistoryController.1.call(TableColumn)
2022-02-04 00:01:57 DEBUG Trace:9 - Aspect-Enters on method: void com.metaopsis.ui.controllers.MainHistoryController.1.1.updateItem(Object, boolean)
2022-02-04 00:01:57 DEBUG Trace:18 - Aspect-Exits method: void com.metaopsis.ui.controllers.MainHistoryController.1.1.updateItem(Object, boolean)
2022-02-04 00:01:57 DEBUG Trace:9 - Aspect-Enters on method: TableCell com.metaopsis.ui.controllers.MainHistoryController.1.call(TableColumn)
2022-02-04 00:01:57 DEBUG Trace:18 - Aspect-Exits method: TableCell com.metaopsis.ui.controllers.MainHistoryController.1.call(TableColumn)
2022-02-04 00:01:57 DEBUG Trace:9 - Aspect-Enters on method: void com.metaopsis.ui.controllers.MainHistoryController.1.1.updateItem(Object, boolean)
2022-02-04 00:01:57 DEBUG Trace:18 - Aspect-Exits method: void com.metaopsis.ui.controllers.MainHistoryController.1.1.updateItem(Object, boolean)
2022-02-04 00:01:57 DEBUG Trace:9 - Aspect-Enters on method: TableCell com.metaopsis.ui.controllers.MainHistoryController.1.call(TableColumn)
2022-02-04 00:01:57 DEBUG Trace:18 - Aspect-Exits method: TableCell com.metaopsis.ui.controllers.MainHistoryController.1.call(TableColumn)
2022-02-04 00:01:57 DEBUG Trace:9 - Aspect-Enters on method: void com.metaopsis.ui.controllers.MainHistoryController.1.1.updateItem(Object, boolean)
2022-02-04 00:01:57 DEBUG Trace:18 - Aspect-Exits method: void com.metaopsis.ui.controllers.MainHistoryController.1.1.updateItem(Object, boolean)
2022-02-04 00:01:57 DEBUG Trace:9 - Aspect-Enters on method: TableCell com.metaopsis.ui.controllers.MainHistoryController.1.call(TableColumn)
2022-02-04 00:01:57 DEBUG Trace:18 - Aspect-Exits method: TableCell com.metaopsis.ui.controllers.MainHistoryController.1.call(TableColumn)
2022-02-04 00:01:57 DEBUG Trace:9 - Aspect-Enters on method: void com.metaopsis.ui.controllers.MainHistoryController.1.1.updateItem(Object, boolean)
2022-02-04 00:01:57 DEBUG Trace:18 - Aspect-Exits method: void com.metaopsis.ui.controllers.MainHistoryController.1.1.updateItem(Object, boolean)
2022-02-04 00:01:57 DEBUG Trace:9 - Aspect-Enters on method: TableCell com.metaopsis.ui.controllers.MainHistoryController.1.call(TableColumn)
2022-02-04 00:01:57 DEBUG Trace:18 - Aspect-Exits method: TableCell com.metaopsis.ui.controllers.MainHistoryController.1.call(TableColumn)
2022-02-04 00:01:57 DEBUG Trace:9 - Aspect-Enters on method: void com.metaopsis.ui.controllers.MainHistoryController.1.1.updateItem(Object, boolean)
2022-02-04 00:01:57 DEBUG Trace:18 - Aspect-Exits method: void com.metaopsis.ui.controllers.MainHistoryController.1.1.updateItem(Object, boolean)
2022-02-04 00:01:57 DEBUG Trace:9 - Aspect-Enters on method: TableCell com.metaopsis.ui.controllers.MainHistoryController.1.call(TableColumn)
2022-02-04 00:01:57 DEBUG Trace:18 - Aspect-Exits method: TableCell com.metaopsis.ui.controllers.MainHistoryController.1.call(TableColumn)
2022-02-04 00:01:57 DEBUG Trace:9 - Aspect-Enters on method: void com.metaopsis.ui.controllers.MainHistoryController.1.1.updateItem(Object, boolean)
2022-02-04 00:01:57 DEBUG Trace:18 - Aspect-Exits method: void com.metaopsis.ui.controllers.MainHistoryController.1.1.updateItem(Object, boolean)
2022-02-04 00:01:57 DEBUG Trace:9 - Aspect-Enters on method: TableCell com.metaopsis.ui.controllers.MainHistoryController.1.call(TableColumn)
2022-02-04 00:01:57 DEBUG Trace:18 - Aspect-Exits method: TableCell com.metaopsis.ui.controllers.MainHistoryController.1.call(TableColumn)
2022-02-04 00:01:57 DEBUG Trace:9 - Aspect-Enters on method: void com.metaopsis.ui.controllers.MainHistoryController.1.1.updateItem(Object, boolean)
2022-02-04 00:01:57 DEBUG Trace:18 - Aspect-Exits method: void com.metaopsis.ui.controllers.MainHistoryController.1.1.updateItem(Object, boolean)
2022-02-04 00:01:57 DEBUG Trace:9 - Aspect-Enters on method: TableCell com.metaopsis.ui.controllers.MainHistoryController.1.call(TableColumn)
2022-02-04 00:01:57 DEBUG Trace:18 - Aspect-Exits method: TableCell com.metaopsis.ui.controllers.MainHistoryController.1.call(TableColumn)
2022-02-04 00:01:57 DEBUG Trace:9 - Aspect-Enters on method: void com.metaopsis.ui.controllers.MainHistoryController.1.1.updateItem(Object, boolean)
2022-02-04 00:01:57 DEBUG Trace:18 - Aspect-Exits method: void com.metaopsis.ui.controllers.MainHistoryController.1.1.updateItem(Object, boolean)
2022-02-04 00:01:57 DEBUG Trace:9 - Aspect-Enters on method: TableCell com.metaopsis.ui.controllers.MainHistoryController.1.call(TableColumn)
2022-02-04 00:01:57 DEBUG Trace:18 - Aspect-Exits method: TableCell com.metaopsis.ui.controllers.MainHistoryController.1.call(TableColumn)
2022-02-04 00:01:57 DEBUG Trace:9 - Aspect-Enters on method: void com.metaopsis.ui.controllers.MainHistoryController.1.1.updateItem(Object, boolean)
2022-02-04 00:01:57 DEBUG Trace:18 - Aspect-Exits method: void com.metaopsis.ui.controllers.MainHistoryController.1.1.updateItem(Object, boolean)
2022-02-04 00:01:57 DEBUG Trace:9 - Aspect-Enters on method: TableCell com.metaopsis.ui.controllers.MainHistoryController.1.call(TableColumn)
2022-02-04 00:01:57 DEBUG Trace:18 - Aspect-Exits method: TableCell com.metaopsis.ui.controllers.MainHistoryController.1.call(TableColumn)
2022-02-04 00:01:57 DEBUG Trace:9 - Aspect-Enters on method: void com.metaopsis.ui.controllers.MainHistoryController.1.1.updateItem(Object, boolean)
2022-02-04 00:01:57 DEBUG Trace:18 - Aspect-Exits method: void com.metaopsis.ui.controllers.MainHistoryController.1.1.updateItem(Object, boolean)
2022-02-04 00:01:57 DEBUG Trace:9 - Aspect-Enters on method: TableCell com.metaopsis.ui.controllers.MainHistoryController.1.call(TableColumn)
2022-02-04 00:01:57 DEBUG Trace:18 - Aspect-Exits method: TableCell com.metaopsis.ui.controllers.MainHistoryController.1.call(TableColumn)
2022-02-04 00:01:57 DEBUG Trace:9 - Aspect-Enters on method: void com.metaopsis.ui.controllers.MainHistoryController.1.1.updateItem(Object, boolean)
2022-02-04 00:01:57 DEBUG Trace:18 - Aspect-Exits method: void com.metaopsis.ui.controllers.MainHistoryController.1.1.updateItem(Object, boolean)
2022-02-04 00:01:57 DEBUG Trace:9 - Aspect-Enters on method: TableCell com.metaopsis.ui.controllers.MainConfigurationsController.1.call(TableColumn)
2022-02-04 00:01:57 DEBUG Trace:18 - Aspect-Exits method: TableCell com.metaopsis.ui.controllers.MainConfigurationsController.1.call(TableColumn)
2022-02-04 00:01:57 DEBUG Trace:9 - Aspect-Enters on method: String com.metaopsis.dao.ConfigurationStatus.getName()
2022-02-04 00:01:57 DEBUG Trace:18 - Aspect-Exits method: String com.metaopsis.dao.ConfigurationStatus.getName()
2022-02-04 00:01:57 DEBUG Trace:9 - Aspect-Enters on method: String com.metaopsis.dao.ConfigurationStatus.getStatus()
2022-02-04 00:01:57 DEBUG Trace:18 - Aspect-Exits method: String com.metaopsis.dao.ConfigurationStatus.getStatus()
2022-02-04 00:01:57 DEBUG Trace:9 - Aspect-Enters on method: Date com.metaopsis.dao.ConfigurationStatus.getCreatedOn()
2022-02-04 00:01:57 DEBUG Trace:18 - Aspect-Exits method: Date com.metaopsis.dao.ConfigurationStatus.getCreatedOn()
2022-02-04 00:01:57 DEBUG Trace:9 - Aspect-Enters on method: Date com.metaopsis.dao.ConfigurationStatus.getLastUpdated()
2022-02-04 00:01:57 DEBUG Trace:18 - Aspect-Exits method: Date com.metaopsis.dao.ConfigurationStatus.getLastUpdated()
2022-02-04 00:01:57 DEBUG Trace:9 - Aspect-Enters on method: int com.metaopsis.dao.ConfigurationStatus.getConfigurationId()
2022-02-04 00:01:57 DEBUG Trace:18 - Aspect-Exits method: int com.metaopsis.dao.ConfigurationStatus.getConfigurationId()
2022-02-04 00:01:57 DEBUG Trace:9 - Aspect-Enters on method: MainConfigurationsController com.metaopsis.ui.controllers.MainConfigurationsController.1.access$1(MainConfigurationsController.1)
2022-02-04 00:01:57 DEBUG Trace:18 - Aspect-Exits method: MainConfigurationsController com.metaopsis.ui.controllers.MainConfigurationsController.1.access$1(MainConfigurationsController.1)
2022-02-04 00:01:57 DEBUG Trace:9 - Aspect-Enters on method: ConfigurationStatusDaoImpl com.metaopsis.ui.controllers.MainConfigurationsController.access$4(MainConfigurationsController)
2022-02-04 00:01:57 DEBUG Trace:18 - Aspect-Exits method: ConfigurationStatusDaoImpl com.metaopsis.ui.controllers.MainConfigurationsController.access$4(MainConfigurationsController)
2022-02-04 00:01:57 DEBUG Trace:9 - Aspect-Enters on method: Session com.metaopsis.ui.Main.getSession()
2022-02-04 00:01:57 DEBUG Trace:18 - Aspect-Exits method: Session com.metaopsis.ui.Main.getSession()
2022-02-04 00:01:57 DEBUG Trace:9 - Aspect-Enters on method: ConfigurationStatus com.metaopsis.dao.ConfigurationStatusDaoImpl.retreiveById(int, Session)
2022-02-04 00:01:57 DEBUG Trace:18 - Aspect-Exits method: ConfigurationStatus com.metaopsis.dao.ConfigurationStatusDaoImpl.retreiveById(int, Session)
2022-02-04 00:01:57 DEBUG Trace:9 - Aspect-Enters on method: String com.metaopsis.dao.ConfigurationStatus.getStatus()
2022-02-04 00:01:57 DEBUG Trace:18 - Aspect-Exits method: String com.metaopsis.dao.ConfigurationStatus.getStatus()
2022-02-04 00:01:57 DEBUG Trace:9 - Aspect-Enters on method: void com.metaopsis.ui.controllers.MainConfigurationsController.1.1.updateItem(Object, boolean)
2022-02-04 00:01:57 DEBUG Trace:18 - Aspect-Exits method: void com.metaopsis.ui.controllers.MainConfigurationsController.1.1.updateItem(Object, boolean)
2022-02-04 00:01:57 DEBUG Trace:9 - Aspect-Enters on method: void com.metaopsis.ui.controllers.MainConfigurationsController.1.1.updateItem(Object, boolean)
2022-02-04 00:01:57 DEBUG Trace:18 - Aspect-Exits method: void com.metaopsis.ui.controllers.MainConfigurationsController.1.1.updateItem(Object, boolean)
2022-02-04 00:01:57 DEBUG Trace:9 - Aspect-Enters on method: TableCell com.metaopsis.ui.controllers.MainConfigurationsController.1.call(TableColumn)
2022-02-04 00:01:57 DEBUG Trace:18 - Aspect-Exits method: TableCell com.metaopsis.ui.controllers.MainConfigurationsController.1.call(TableColumn)
2022-02-04 00:01:57 DEBUG Trace:9 - Aspect-Enters on method: String com.metaopsis.dao.ConfigurationStatus.getName()
2022-02-04 00:01:57 DEBUG Trace:18 - Aspect-Exits method: String com.metaopsis.dao.ConfigurationStatus.getName()
2022-02-04 00:01:57 DEBUG Trace:9 - Aspect-Enters on method: String com.metaopsis.dao.ConfigurationStatus.getStatus()
2022-02-04 00:01:57 DEBUG Trace:18 - Aspect-Exits method: String com.metaopsis.dao.ConfigurationStatus.getStatus()
2022-02-04 00:01:57 DEBUG Trace:9 - Aspect-Enters on method: Date com.metaopsis.dao.ConfigurationStatus.getCreatedOn()
2022-02-04 00:01:57 DEBUG Trace:18 - Aspect-Exits method: Date com.metaopsis.dao.ConfigurationStatus.getCreatedOn()
2022-02-04 00:01:57 DEBUG Trace:9 - Aspect-Enters on method: Date com.metaopsis.dao.ConfigurationStatus.getLastUpdated()
2022-02-04 00:01:57 DEBUG Trace:18 - Aspect-Exits method: Date com.metaopsis.dao.ConfigurationStatus.getLastUpdated()
2022-02-04 00:01:57 DEBUG Trace:9 - Aspect-Enters on method: int com.metaopsis.dao.ConfigurationStatus.getConfigurationId()
2022-02-04 00:01:57 DEBUG Trace:18 - Aspect-Exits method: int com.metaopsis.dao.ConfigurationStatus.getConfigurationId()
2022-02-04 00:01:57 DEBUG Trace:9 - Aspect-Enters on method: MainConfigurationsController com.metaopsis.ui.controllers.MainConfigurationsController.1.access$1(MainConfigurationsController.1)
2022-02-04 00:01:57 DEBUG Trace:18 - Aspect-Exits method: MainConfigurationsController com.metaopsis.ui.controllers.MainConfigurationsController.1.access$1(MainConfigurationsController.1)
2022-02-04 00:01:57 DEBUG Trace:9 - Aspect-Enters on method: ConfigurationStatusDaoImpl com.metaopsis.ui.controllers.MainConfigurationsController.access$4(MainConfigurationsController)
2022-02-04 00:01:57 DEBUG Trace:18 - Aspect-Exits method: ConfigurationStatusDaoImpl com.metaopsis.ui.controllers.MainConfigurationsController.access$4(MainConfigurationsController)
2022-02-04 00:01:57 DEBUG Trace:9 - Aspect-Enters on method: Session com.metaopsis.ui.Main.getSession()
2022-02-04 00:01:57 DEBUG Trace:18 - Aspect-Exits method: Session com.metaopsis.ui.Main.getSession()
2022-02-04 00:01:57 DEBUG Trace:9 - Aspect-Enters on method: ConfigurationStatus com.metaopsis.dao.ConfigurationStatusDaoImpl.retreiveById(int, Session)
2022-02-04 00:01:57 DEBUG Trace:18 - Aspect-Exits method: ConfigurationStatus com.metaopsis.dao.ConfigurationStatusDaoImpl.retreiveById(int, Session)
2022-02-04 00:01:57 DEBUG Trace:9 - Aspect-Enters on method: String com.metaopsis.dao.ConfigurationStatus.getStatus()
2022-02-04 00:01:57 DEBUG Trace:18 - Aspect-Exits method: String com.metaopsis.dao.ConfigurationStatus.getStatus()
2022-02-04 00:01:57 DEBUG Trace:9 - Aspect-Enters on method: void com.metaopsis.ui.controllers.MainConfigurationsController.1.1.updateItem(Object, boolean)
2022-02-04 00:01:57 DEBUG Trace:18 - Aspect-Exits method: void com.metaopsis.ui.controllers.MainConfigurationsController.1.1.updateItem(Object, boolean)
2022-02-04 00:01:57 DEBUG Trace:9 - Aspect-Enters on method: TableCell com.metaopsis.ui.controllers.MainConfigurationsController.1.call(TableColumn)
2022-02-04 00:01:57 DEBUG Trace:18 - Aspect-Exits method: TableCell com.metaopsis.ui.controllers.MainConfigurationsController.1.call(TableColumn)
2022-02-04 00:01:57 DEBUG Trace:9 - Aspect-Enters on method: void com.metaopsis.ui.controllers.MainConfigurationsController.1.1.updateItem(Object, boolean)
2022-02-04 00:01:57 DEBUG Trace:18 - Aspect-Exits method: void com.metaopsis.ui.controllers.MainConfigurationsController.1.1.updateItem(Object, boolean)
2022-02-04 00:01:57 DEBUG Trace:9 - Aspect-Enters on method: TableCell com.metaopsis.ui.controllers.MainConfigurationsController.1.call(TableColumn)
2022-02-04 00:01:57 DEBUG Trace:18 - Aspect-Exits method: TableCell com.metaopsis.ui.controllers.MainConfigurationsController.1.call(TableColumn)
2022-02-04 00:01:57 DEBUG Trace:9 - Aspect-Enters on method: void com.metaopsis.ui.controllers.MainConfigurationsController.1.1.updateItem(Object, boolean)
2022-02-04 00:01:57 DEBUG Trace:18 - Aspect-Exits method: void com.metaopsis.ui.controllers.MainConfigurationsController.1.1.updateItem(Object, boolean)
2022-02-04 00:01:57 DEBUG Trace:9 - Aspect-Enters on method: TableCell com.metaopsis.ui.controllers.MainConfigurationsController.1.call(TableColumn)
2022-02-04 00:01:57 DEBUG Trace:18 - Aspect-Exits method: TableCell com.metaopsis.ui.controllers.MainConfigurationsController.1.call(TableColumn)
2022-02-04 00:01:57 DEBUG Trace:9 - Aspect-Enters on method: void com.metaopsis.ui.controllers.MainConfigurationsController.1.1.updateItem(Object, boolean)
2022-02-04 00:01:57 DEBUG Trace:18 - Aspect-Exits method: void com.metaopsis.ui.controllers.MainConfigurationsController.1.1.updateItem(Object, boolean)
2022-02-04 00:01:57 DEBUG Trace:9 - Aspect-Enters on method: TableCell com.metaopsis.ui.controllers.MainConfigurationsController.1.call(TableColumn)
2022-02-04 00:01:57 DEBUG Trace:18 - Aspect-Exits method: TableCell com.metaopsis.ui.controllers.MainConfigurationsController.1.call(TableColumn)
2022-02-04 00:01:57 DEBUG Trace:9 - Aspect-Enters on method: void com.metaopsis.ui.controllers.MainConfigurationsController.1.1.updateItem(Object, boolean)
2022-02-04 00:01:57 DEBUG Trace:18 - Aspect-Exits method: void com.metaopsis.ui.controllers.MainConfigurationsController.1.1.updateItem(Object, boolean)
2022-02-04 00:01:57 DEBUG Trace:9 - Aspect-Enters on method: TableCell com.metaopsis.ui.controllers.MainConfigurationsController.1.call(TableColumn)
2022-02-04 00:01:57 DEBUG Trace:18 - Aspect-Exits method: TableCell com.metaopsis.ui.controllers.MainConfigurationsController.1.call(TableColumn)
2022-02-04 00:01:57 DEBUG Trace:9 - Aspect-Enters on method: void com.metaopsis.ui.controllers.MainConfigurationsController.1.1.updateItem(Object, boolean)
2022-02-04 00:01:57 DEBUG Trace:18 - Aspect-Exits method: void com.metaopsis.ui.controllers.MainConfigurationsController.1.1.updateItem(Object, boolean)
2022-02-04 00:01:57 DEBUG Trace:9 - Aspect-Enters on method: TableCell com.metaopsis.ui.controllers.MainConfigurationsController.1.call(TableColumn)
2022-02-04 00:01:57 DEBUG Trace:18 - Aspect-Exits method: TableCell com.metaopsis.ui.controllers.MainConfigurationsController.1.call(TableColumn)
2022-02-04 00:01:57 DEBUG Trace:9 - Aspect-Enters on method: void com.metaopsis.ui.controllers.MainConfigurationsController.1.1.updateItem(Object, boolean)
2022-02-04 00:01:57 DEBUG Trace:18 - Aspect-Exits method: void com.metaopsis.ui.controllers.MainConfigurationsController.1.1.updateItem(Object, boolean)
2022-02-04 00:01:57 DEBUG Trace:9 - Aspect-Enters on method: TableCell com.metaopsis.ui.controllers.MainConfigurationsController.1.call(TableColumn)
2022-02-04 00:01:57 DEBUG Trace:18 - Aspect-Exits method: TableCell com.metaopsis.ui.controllers.MainConfigurationsController.1.call(TableColumn)
2022-02-04 00:01:57 DEBUG Trace:9 - Aspect-Enters on method: void com.metaopsis.ui.controllers.MainConfigurationsController.1.1.updateItem(Object, boolean)
2022-02-04 00:01:57 DEBUG Trace:18 - Aspect-Exits method: void com.metaopsis.ui.controllers.MainConfigurationsController.1.1.updateItem(Object, boolean)
2022-02-04 00:01:57 DEBUG Trace:9 - Aspect-Enters on method: TableCell com.metaopsis.ui.controllers.MainConfigurationsController.1.call(TableColumn)
2022-02-04 00:01:57 DEBUG Trace:18 - Aspect-Exits method: TableCell com.metaopsis.ui.controllers.MainConfigurationsController.1.call(TableColumn)
2022-02-04 00:01:57 DEBUG Trace:9 - Aspect-Enters on method: void com.metaopsis.ui.controllers.MainConfigurationsController.1.1.updateItem(Object, boolean)
2022-02-04 00:01:57 DEBUG Trace:18 - Aspect-Exits method: void com.metaopsis.ui.controllers.MainConfigurationsController.1.1.updateItem(Object, boolean)
2022-02-04 00:01:57 DEBUG Trace:9 - Aspect-Enters on method: TableCell com.metaopsis.ui.controllers.MainConfigurationsController.1.call(TableColumn)
2022-02-04 00:01:57 DEBUG Trace:18 - Aspect-Exits method: TableCell com.metaopsis.ui.controllers.MainConfigurationsController.1.call(TableColumn)
2022-02-04 00:01:57 DEBUG Trace:9 - Aspect-Enters on method: void com.metaopsis.ui.controllers.MainConfigurationsController.1.1.updateItem(Object, boolean)
2022-02-04 00:01:57 DEBUG Trace:18 - Aspect-Exits method: void com.metaopsis.ui.controllers.MainConfigurationsController.1.1.updateItem(Object, boolean)
2022-02-04 00:01:57 DEBUG Trace:9 - Aspect-Enters on method: TableCell com.metaopsis.ui.controllers.MainConfigurationsController.1.call(TableColumn)
2022-02-04 00:01:57 DEBUG Trace:18 - Aspect-Exits method: TableCell com.metaopsis.ui.controllers.MainConfigurationsController.1.call(TableColumn)
2022-02-04 00:01:57 DEBUG Trace:9 - Aspect-Enters on method: void com.metaopsis.ui.controllers.MainConfigurationsController.1.1.updateItem(Object, boolean)
2022-02-04 00:01:57 DEBUG Trace:18 - Aspect-Exits method: void com.metaopsis.ui.controllers.MainConfigurationsController.1.1.updateItem(Object, boolean)
2022-02-04 00:01:57 DEBUG Trace:9 - Aspect-Enters on method: TableCell com.metaopsis.ui.controllers.MainConfigurationsController.1.call(TableColumn)
2022-02-04 00:01:57 DEBUG Trace:18 - Aspect-Exits method: TableCell com.metaopsis.ui.controllers.MainConfigurationsController.1.call(TableColumn)
2022-02-04 00:01:57 DEBUG Trace:9 - Aspect-Enters on method: void com.metaopsis.ui.controllers.MainConfigurationsController.1.1.updateItem(Object, boolean)
2022-02-04 00:01:57 DEBUG Trace:18 - Aspect-Exits method: void com.metaopsis.ui.controllers.MainConfigurationsController.1.1.updateItem(Object, boolean)
2022-02-04 00:01:57 DEBUG Trace:9 - Aspect-Enters on method: TableCell com.metaopsis.ui.controllers.MainConfigurationsController.1.call(TableColumn)
2022-02-04 00:01:57 DEBUG Trace:18 - Aspect-Exits method: TableCell com.metaopsis.ui.controllers.MainConfigurationsController.1.call(TableColumn)
2022-02-04 00:01:57 DEBUG Trace:9 - Aspect-Enters on method: void com.metaopsis.ui.controllers.MainConfigurationsController.1.1.updateItem(Object, boolean)
2022-02-04 00:01:57 DEBUG Trace:18 - Aspect-Exits method: void com.metaopsis.ui.controllers.MainConfigurationsController.1.1.updateItem(Object, boolean)
2022-02-04 00:01:57 DEBUG Trace:9 - Aspect-Enters on method: TableCell com.metaopsis.ui.controllers.MainConfigurationsController.1.call(TableColumn)
2022-02-04 00:01:57 DEBUG Trace:18 - Aspect-Exits method: TableCell com.metaopsis.ui.controllers.MainConfigurationsController.1.call(TableColumn)
2022-02-04 00:01:57 DEBUG Trace:9 - Aspect-Enters on method: void com.metaopsis.ui.controllers.MainConfigurationsController.1.1.updateItem(Object, boolean)
2022-02-04 00:01:57 DEBUG Trace:18 - Aspect-Exits method: void com.metaopsis.ui.controllers.MainConfigurationsController.1.1.updateItem(Object, boolean)
2022-02-04 00:01:57 DEBUG Trace:9 - Aspect-Enters on method: TableCell com.metaopsis.ui.controllers.MainConfigurationsController.1.call(TableColumn)
2022-02-04 00:01:57 DEBUG Trace:18 - Aspect-Exits method: TableCell com.metaopsis.ui.controllers.MainConfigurationsController.1.call(TableColumn)
2022-02-04 00:01:57 DEBUG Trace:9 - Aspect-Enters on method: void com.metaopsis.ui.controllers.MainConfigurationsController.1.1.updateItem(Object, boolean)
2022-02-04 00:01:57 DEBUG Trace:18 - Aspect-Exits method: void com.metaopsis.ui.controllers.MainConfigurationsController.1.1.updateItem(Object, boolean)
2022-02-04 00:01:57 DEBUG Trace:9 - Aspect-Enters on method: TableCell com.metaopsis.ui.controllers.MainConfigurationsController.1.call(TableColumn)
2022-02-04 00:01:57 DEBUG Trace:18 - Aspect-Exits method: TableCell com.metaopsis.ui.controllers.MainConfigurationsController.1.call(TableColumn)
2022-02-04 00:01:57 DEBUG Trace:9 - Aspect-Enters on method: void com.metaopsis.ui.controllers.MainConfigurationsController.1.1.updateItem(Object, boolean)
2022-02-04 00:01:57 DEBUG Trace:18 - Aspect-Exits method: void com.metaopsis.ui.controllers.MainConfigurationsController.1.1.updateItem(Object, boolean)
2022-02-04 00:01:57 DEBUG Trace:9 - Aspect-Enters on method: TableCell com.metaopsis.ui.controllers.MainConfigurationsController.1.call(TableColumn)
2022-02-04 00:01:57 DEBUG Trace:18 - Aspect-Exits method: TableCell com.metaopsis.ui.controllers.MainConfigurationsController.1.call(TableColumn)
2022-02-04 00:01:57 DEBUG Trace:9 - Aspect-Enters on method: void com.metaopsis.ui.controllers.MainConfigurationsController.1.1.updateItem(Object, boolean)
2022-02-04 00:01:57 DEBUG Trace:18 - Aspect-Exits method: void com.metaopsis.ui.controllers.MainConfigurationsController.1.1.updateItem(Object, boolean)
2022-02-04 00:01:57 DEBUG Trace:9 - Aspect-Enters on method: TableCell com.metaopsis.ui.controllers.MainConfigurationsController.1.call(TableColumn)
2022-02-04 00:01:57 DEBUG Trace:18 - Aspect-Exits method: TableCell com.metaopsis.ui.controllers.MainConfigurationsController.1.call(TableColumn)
2022-02-04 00:01:57 DEBUG Trace:9 - Aspect-Enters on method: void com.metaopsis.ui.controllers.MainConfigurationsController.1.1.updateItem(Object, boolean)
2022-02-04 00:01:57 DEBUG Trace:18 - Aspect-Exits method: void com.metaopsis.ui.controllers.MainConfigurationsController.1.1.updateItem(Object, boolean)
2022-02-04 00:01:57 DEBUG Trace:9 - Aspect-Enters on method: TableCell com.metaopsis.ui.controllers.MainConfigurationsController.1.call(TableColumn)
2022-02-04 00:01:57 DEBUG Trace:18 - Aspect-Exits method: TableCell com.metaopsis.ui.controllers.MainConfigurationsController.1.call(TableColumn)
2022-02-04 00:01:57 DEBUG Trace:9 - Aspect-Enters on method: void com.metaopsis.ui.controllers.MainConfigurationsController.1.1.updateItem(Object, boolean)
2022-02-04 00:01:57 DEBUG Trace:18 - Aspect-Exits method: void com.metaopsis.ui.controllers.MainConfigurationsController.1.1.updateItem(Object, boolean)
2022-02-04 00:01:57 DEBUG Trace:9 - Aspect-Enters on method: TableCell com.metaopsis.ui.controllers.MainConfigurationsController.1.call(TableColumn)
2022-02-04 00:01:57 DEBUG Trace:18 - Aspect-Exits method: TableCell com.metaopsis.ui.controllers.MainConfigurationsController.1.call(TableColumn)
2022-02-04 00:01:57 DEBUG Trace:9 - Aspect-Enters on method: void com.metaopsis.ui.controllers.MainConfigurationsController.1.1.updateItem(Object, boolean)
2022-02-04 00:01:57 DEBUG Trace:18 - Aspect-Exits method: void com.metaopsis.ui.controllers.MainConfigurationsController.1.1.updateItem(Object, boolean)
2022-02-04 00:01:57 DEBUG Trace:9 - Aspect-Enters on method: TableCell com.metaopsis.ui.controllers.MainConfigurationsController.1.call(TableColumn)
2022-02-04 00:01:57 DEBUG Trace:18 - Aspect-Exits method: TableCell com.metaopsis.ui.controllers.MainConfigurationsController.1.call(TableColumn)
2022-02-04 00:01:57 DEBUG Trace:9 - Aspect-Enters on method: void com.metaopsis.ui.controllers.MainConfigurationsController.1.1.updateItem(Object, boolean)
2022-02-04 00:01:57 DEBUG Trace:18 - Aspect-Exits method: void com.metaopsis.ui.controllers.MainConfigurationsController.1.1.updateItem(Object, boolean)
2022-02-04 00:01:57 DEBUG Trace:9 - Aspect-Enters on method: TableCell com.metaopsis.ui.controllers.MainConfigurationsController.1.call(TableColumn)
2022-02-04 00:01:57 DEBUG Trace:18 - Aspect-Exits method: TableCell com.metaopsis.ui.controllers.MainConfigurationsController.1.call(TableColumn)
2022-02-04 00:01:57 DEBUG Trace:9 - Aspect-Enters on method: void com.metaopsis.ui.controllers.MainConfigurationsController.1.1.updateItem(Object, boolean)
2022-02-04 00:01:57 DEBUG Trace:18 - Aspect-Exits method: void com.metaopsis.ui.controllers.MainConfigurationsController.1.1.updateItem(Object, boolean)
2022-02-04 00:01:57 DEBUG Trace:9 - Aspect-Enters on method: TableCell com.metaopsis.ui.controllers.MainConfigurationsController.1.call(TableColumn)
2022-02-04 00:01:57 DEBUG Trace:18 - Aspect-Exits method: TableCell com.metaopsis.ui.controllers.MainConfigurationsController.1.call(TableColumn)
2022-02-04 00:01:57 DEBUG Trace:9 - Aspect-Enters on method: void com.metaopsis.ui.controllers.MainConfigurationsController.1.1.updateItem(Object, boolean)
2022-02-04 00:01:57 DEBUG Trace:18 - Aspect-Exits method: void com.metaopsis.ui.controllers.MainConfigurationsController.1.1.updateItem(Object, boolean)
2022-02-04 00:01:57 DEBUG Trace:9 - Aspect-Enters on method: TableCell com.metaopsis.ui.controllers.MainConfigurationsController.1.call(TableColumn)
2022-02-04 00:01:57 DEBUG Trace:18 - Aspect-Exits method: TableCell com.metaopsis.ui.controllers.MainConfigurationsController.1.call(TableColumn)
2022-02-04 00:01:57 DEBUG Trace:9 - Aspect-Enters on method: void com.metaopsis.ui.controllers.MainConfigurationsController.1.1.updateItem(Object, boolean)
2022-02-04 00:01:57 DEBUG Trace:18 - Aspect-Exits method: void com.metaopsis.ui.controllers.MainConfigurationsController.1.1.updateItem(Object, boolean)
2022-02-04 00:01:57 DEBUG Trace:9 - Aspect-Enters on method: TableCell com.metaopsis.ui.controllers.MainConfigurationsController.1.call(TableColumn)
2022-02-04 00:01:57 DEBUG Trace:18 - Aspect-Exits method: TableCell com.metaopsis.ui.controllers.MainConfigurationsController.1.call(TableColumn)
2022-02-04 00:01:57 DEBUG Trace:9 - Aspect-Enters on method: void com.metaopsis.ui.controllers.MainConfigurationsController.1.1.updateItem(Object, boolean)
2022-02-04 00:01:57 DEBUG Trace:18 - Aspect-Exits method: void com.metaopsis.ui.controllers.MainConfigurationsController.1.1.updateItem(Object, boolean)
2022-02-04 00:01:57 DEBUG Trace:9 - Aspect-Enters on method: SplashController com.metaopsis.ui.controllers.SplashController.SplashScreen.access$0(SplashController.SplashScreen)
2022-02-04 00:01:57 DEBUG Trace:18 - Aspect-Exits method: SplashController com.metaopsis.ui.controllers.SplashController.SplashScreen.access$0(SplashController.SplashScreen)
2022-02-04 00:01:57 DEBUG Trace:9 - Aspect-Enters on method: void com.metaopsis.ui.controllers.SplashController.SplashScreen.1.run()
2022-02-04 00:01:57 DEBUG Trace:18 - Aspect-Exits method: void com.metaopsis.ui.controllers.SplashController.SplashScreen.1.run()
2022-02-04 00:02:00 DEBUG Trace:9 - Aspect-Enters on method: MainConfigurationsController.1 com.metaopsis.ui.controllers.MainConfigurationsController.1.1.access$0(MainConfigurationsController.1.1)
2022-02-04 00:02:00 DEBUG Trace:18 - Aspect-Exits method: MainConfigurationsController.1 com.metaopsis.ui.controllers.MainConfigurationsController.1.1.access$0(MainConfigurationsController.1.1)
2022-02-04 00:02:00 DEBUG Trace:9 - Aspect-Enters on method: MainConfigurationsController com.metaopsis.ui.controllers.MainConfigurationsController.1.access$1(MainConfigurationsController.1)
2022-02-04 00:02:00 DEBUG Trace:18 - Aspect-Exits method: MainConfigurationsController com.metaopsis.ui.controllers.MainConfigurationsController.1.access$1(MainConfigurationsController.1)
2022-02-04 00:02:00 DEBUG Trace:9 - Aspect-Enters on method: ConfigurationStatusDaoImpl com.metaopsis.ui.controllers.MainConfigurationsController.access$4(MainConfigurationsController)
2022-02-04 00:02:00 DEBUG Trace:18 - Aspect-Exits method: ConfigurationStatusDaoImpl com.metaopsis.ui.controllers.MainConfigurationsController.access$4(MainConfigurationsController)
2022-02-04 00:02:00 DEBUG Trace:9 - Aspect-Enters on method: Session com.metaopsis.ui.Main.getSession()
2022-02-04 00:02:00 DEBUG Trace:18 - Aspect-Exits method: Session com.metaopsis.ui.Main.getSession()
2022-02-04 00:02:00 DEBUG Trace:9 - Aspect-Enters on method: ConfigurationStatus com.metaopsis.dao.ConfigurationStatusDaoImpl.retreiveById(int, Session)
2022-02-04 00:02:00 DEBUG Trace:18 - Aspect-Exits method: ConfigurationStatus com.metaopsis.dao.ConfigurationStatusDaoImpl.retreiveById(int, Session)
2022-02-04 00:02:00 DEBUG Trace:9 - Aspect-Enters on method: String com.metaopsis.dao.ConfigurationStatus.getStatus()
2022-02-04 00:02:00 DEBUG Trace:18 - Aspect-Exits method: String com.metaopsis.dao.ConfigurationStatus.getStatus()
2022-02-04 00:02:00 DEBUG Trace:9 - Aspect-Enters on method: String com.metaopsis.dao.ConfigurationStatus.getReport()
2022-02-04 00:02:00 DEBUG Trace:18 - Aspect-Exits method: String com.metaopsis.dao.ConfigurationStatus.getReport()
2022-02-04 00:02:00 DEBUG Trace:9 - Aspect-Enters on method: void com.metaopsis.ui.controllers.MainConfigurationsController.1.1.3.handle(ActionEvent)
2022-02-04 00:02:00 DEBUG Trace:18 - Aspect-Exits method: void com.metaopsis.ui.controllers.MainConfigurationsController.1.1.3.handle(ActionEvent)
2022-02-04 00:02:08 DEBUG Trace:9 - Aspect-Enters on method: MainConfigurationsController.1 com.metaopsis.ui.controllers.MainConfigurationsController.1.1.access$0(MainConfigurationsController.1.1)
2022-02-04 00:02:08 DEBUG Trace:18 - Aspect-Exits method: MainConfigurationsController.1 com.metaopsis.ui.controllers.MainConfigurationsController.1.1.access$0(MainConfigurationsController.1.1)
2022-02-04 00:02:08 DEBUG Trace:9 - Aspect-Enters on method: MainConfigurationsController com.metaopsis.ui.controllers.MainConfigurationsController.1.access$1(MainConfigurationsController.1)
2022-02-04 00:02:08 DEBUG Trace:18 - Aspect-Exits method: MainConfigurationsController com.metaopsis.ui.controllers.MainConfigurationsController.1.access$1(MainConfigurationsController.1)
2022-02-04 00:02:08 DEBUG Trace:9 - Aspect-Enters on method: ConfigurationStatusDaoImpl com.metaopsis.ui.controllers.MainConfigurationsController.access$4(MainConfigurationsController)
2022-02-04 00:02:08 DEBUG Trace:18 - Aspect-Exits method: ConfigurationStatusDaoImpl com.metaopsis.ui.controllers.MainConfigurationsController.access$4(MainConfigurationsController)
2022-02-04 00:02:08 DEBUG Trace:9 - Aspect-Enters on method: Session com.metaopsis.ui.Main.getSession()
2022-02-04 00:02:08 DEBUG Trace:18 - Aspect-Exits method: Session com.metaopsis.ui.Main.getSession()
2022-02-04 00:02:08 DEBUG Trace:9 - Aspect-Enters on method: ConfigurationStatus com.metaopsis.dao.ConfigurationStatusDaoImpl.retreiveById(int, Session)
2022-02-04 00:02:08 DEBUG Trace:18 - Aspect-Exits method: ConfigurationStatus com.metaopsis.dao.ConfigurationStatusDaoImpl.retreiveById(int, Session)
2022-02-04 00:02:08 DEBUG Trace:9 - Aspect-Enters on method: MainConfigurationsController.1 com.metaopsis.ui.controllers.MainConfigurationsController.1.1.access$0(MainConfigurationsController.1.1)
2022-02-04 00:02:08 DEBUG Trace:18 - Aspect-Exits method: MainConfigurationsController.1 com.metaopsis.ui.controllers.MainConfigurationsController.1.1.access$0(MainConfigurationsController.1.1)
2022-02-04 00:02:08 DEBUG Trace:9 - Aspect-Enters on method: MainConfigurationsController com.metaopsis.ui.controllers.MainConfigurationsController.1.access$1(MainConfigurationsController.1)
2022-02-04 00:02:08 DEBUG Trace:18 - Aspect-Exits method: MainConfigurationsController com.metaopsis.ui.controllers.MainConfigurationsController.1.access$1(MainConfigurationsController.1)
2022-02-04 00:02:08 DEBUG Trace:9 - Aspect-Enters on method: ConfigurationDaoImpl com.metaopsis.ui.controllers.MainConfigurationsController.access$1(MainConfigurationsController)
2022-02-04 00:02:08 DEBUG Trace:18 - Aspect-Exits method: ConfigurationDaoImpl com.metaopsis.ui.controllers.MainConfigurationsController.access$1(MainConfigurationsController)
2022-02-04 00:02:08 DEBUG Trace:9 - Aspect-Enters on method: Session com.metaopsis.ui.Main.getSession()
2022-02-04 00:02:08 DEBUG Trace:18 - Aspect-Exits method: Session com.metaopsis.ui.Main.getSession()
2022-02-04 00:02:08 DEBUG Trace:9 - Aspect-Enters on method: Configuration com.metaopsis.dao.ConfigurationDaoImpl.retreiveById(int, Session)
2022-02-04 00:02:08 DEBUG Trace:18 - Aspect-Exits method: Configuration com.metaopsis.dao.ConfigurationDaoImpl.retreiveById(int, Session)
2022-02-04 00:02:08 DEBUG Trace:9 - Aspect-Enters on method: String com.metaopsis.dao.ConfigurationStatus.getStatus()
2022-02-04 00:02:08 DEBUG Trace:18 - Aspect-Exits method: String com.metaopsis.dao.ConfigurationStatus.getStatus()
2022-02-04 00:02:08 DEBUG Trace:9 - Aspect-Enters on method: String com.metaopsis.dao.ConfigurationStatus.getStatus()
2022-02-04 00:02:08 DEBUG Trace:18 - Aspect-Exits method: String com.metaopsis.dao.ConfigurationStatus.getStatus()
2022-02-04 00:02:09 DEBUG Trace:9 - Aspect-Enters on method: void com.metaopsis.ui.controllers.ConvertController.initialize(URL, ResourceBundle)
2022-02-04 00:02:09 DEBUG Trace:18 - Aspect-Exits method: void com.metaopsis.ui.controllers.ConvertController.initialize(URL, ResourceBundle)
2022-02-04 00:02:09 DEBUG Trace:9 - Aspect-Enters on method: String com.metaopsis.dao.Configuration.getName()
2022-02-04 00:02:09 DEBUG Trace:18 - Aspect-Exits method: String com.metaopsis.dao.Configuration.getName()
2022-02-04 00:02:09 DEBUG Trace:9 - Aspect-Enters on method: String com.metaopsis.dao.Configuration.getSource()
2022-02-04 00:02:09 DEBUG Trace:18 - Aspect-Exits method: String com.metaopsis.dao.Configuration.getSource()
2022-02-04 00:02:09 DEBUG Trace:9 - Aspect-Enters on method: String com.metaopsis.dao.Configuration.getTarget()
2022-02-04 00:02:09 DEBUG Trace:18 - Aspect-Exits method: String com.metaopsis.dao.Configuration.getTarget()
2022-02-04 00:02:09 DEBUG Trace:9 - Aspect-Enters on method: String com.metaopsis.dao.Configuration.getPwcrepoxmlfile()
2022-02-04 00:02:09 DEBUG Trace:18 - Aspect-Exits method: String com.metaopsis.dao.Configuration.getPwcrepoxmlfile()
2022-02-04 00:02:09 DEBUG Trace:9 - Aspect-Enters on method: void com.metaopsis.utilities.ExecutionTask.setType(ExecutionTaskType)
2022-02-04 00:02:09 DEBUG Trace:18 - Aspect-Exits method: void com.metaopsis.utilities.ExecutionTask.setType(ExecutionTaskType)
2022-02-04 00:02:09 DEBUG Trace:9 - Aspect-Enters on method: void com.metaopsis.utilities.ExecutionTask.setConfiguration(Configuration)
2022-02-04 00:02:09 DEBUG Trace:9 - Aspect-Enters on method: String com.metaopsis.dao.Configuration.toString()
2022-02-04 00:02:09 DEBUG Trace:18 - Aspect-Exits method: String com.metaopsis.dao.Configuration.toString()
2022-02-04 00:02:09 DEBUG Trace:18 - Aspect-Exits method: void com.metaopsis.utilities.ExecutionTask.setConfiguration(Configuration)
2022-02-04 00:02:09 DEBUG Trace:9 - Aspect-Enters on method: String com.metaopsis.dao.Configuration.getTarget()
2022-02-04 00:02:09 DEBUG Trace:18 - Aspect-Exits method: String com.metaopsis.dao.Configuration.getTarget()
2022-02-04 00:02:09 DEBUG Trace:9 - Aspect-Enters on method: String com.metaopsis.dao.Configuration.getTarget()
2022-02-04 00:02:09 DEBUG Trace:18 - Aspect-Exits method: String com.metaopsis.dao.Configuration.getTarget()
2022-02-04 00:02:09 DEBUG Trace:9 - Aspect-Enters on method: Configuration com.metaopsis.utilities.ExecutionTask.getConfiguration()
2022-02-04 00:02:09 DEBUG Trace:18 - Aspect-Exits method: Configuration com.metaopsis.utilities.ExecutionTask.getConfiguration()
2022-02-04 00:02:09 DEBUG Trace:9 - Aspect-Enters on method: ExecutionTaskType com.metaopsis.utilities.ExecutionTask.getType()
2022-02-04 00:02:09 DEBUG Trace:18 - Aspect-Exits method: ExecutionTaskType com.metaopsis.utilities.ExecutionTask.getType()
2022-02-04 00:02:09 DEBUG Trace:9 - Aspect-Enters on method: void com.metaopsis.parsers.InformaticaParser.cleanXML()
2022-02-04 00:02:09 DEBUG Trace:18 - Aspect-Exits method: void com.metaopsis.parsers.InformaticaParser.cleanXML()
2022-02-04 00:02:09 DEBUG Trace:9 - Aspect-Enters on method: String com.metaopsis.parsers.InformaticaParser.parse(ObservableList)
2022-02-04 00:02:09 DEBUG Trace:9 - Aspect-Enters on method: String com.metaopsis.utilities.Log.toString()
2022-02-04 00:02:09 DEBUG Trace:18 - Aspect-Exits method: String com.metaopsis.utilities.Log.toString()
2022-02-04 00:02:09 DEBUG Trace:18 - Aspect-Exits method: String com.metaopsis.parsers.InformaticaParser.parse(ObservableList)
2022-02-04 00:02:09 DEBUG Trace:9 - Aspect-Enters on method: Repository com.metaopsis.parsers.InformaticaParser.getRepository()
2022-02-04 00:02:09 DEBUG Trace:18 - Aspect-Exits method: Repository com.metaopsis.parsers.InformaticaParser.getRepository()
2022-02-04 00:02:09 DEBUG Trace:9 - Aspect-Enters on method: void com.metaopsis.mappings.informatica.PowerCenter2InformaticaCloud.init()
2022-02-04 00:02:09 DEBUG Trace:18 - Aspect-Exits method: void com.metaopsis.mappings.informatica.PowerCenter2InformaticaCloud.init()
2022-02-04 00:02:09 DEBUG Trace:9 - Aspect-Enters on method: InformaticaParser com.metaopsis.mappings.informatica.PowerCenter2InformaticaCloud.getParsedRepo()
2022-02-04 00:02:09 DEBUG Trace:18 - Aspect-Exits method: InformaticaParser com.metaopsis.mappings.informatica.PowerCenter2InformaticaCloud.getParsedRepo()
2022-02-04 00:02:09 DEBUG Trace:9 - Aspect-Enters on method: Repository com.metaopsis.parsers.InformaticaParser.getRepository()
2022-02-04 00:02:09 DEBUG Trace:18 - Aspect-Exits method: Repository com.metaopsis.parsers.InformaticaParser.getRepository()
2022-02-04 00:02:09 DEBUG Trace:9 - Aspect-Enters on method: void com.metaopsis.ui.controllers.ConvertController.buildTreeView()
2022-02-04 00:02:09 DEBUG Trace:18 - Aspect-Exits method: void com.metaopsis.ui.controllers.ConvertController.buildTreeView()
2022-02-04 00:02:09 DEBUG Trace:9 - Aspect-Enters on method: void com.metaopsis.ui.controllers.ConvertController.setProperties(Configuration)
2022-02-04 00:02:09 DEBUG Trace:9 - Aspect-Enters on method: String com.metaopsis.dao.Configuration.toString()
2022-02-04 00:02:09 DEBUG Trace:18 - Aspect-Exits method: String com.metaopsis.dao.Configuration.toString()
2022-02-04 00:02:09 DEBUG Trace:18 - Aspect-Exits method: void com.metaopsis.ui.controllers.ConvertController.setProperties(Configuration)
2022-02-04 00:02:09 DEBUG Trace:9 - Aspect-Enters on method: void com.metaopsis.ui.controllers.MainConfigurationsController.1.1.4.handle(ActionEvent)
2022-02-04 00:02:09 DEBUG Trace:18 - Aspect-Exits method: void com.metaopsis.ui.controllers.MainConfigurationsController.1.1.4.handle(ActionEvent)
